<?xml version="1.0" encoding="UTF-8"?>
<!DOCTYPE module PUBLIC "-//Puppy Crawl//DTD Check Configuration 1.2//EN"
        "http://www.puppycrawl.com/dtds/configuration_1_2.dtd"><!-- generated by Sonar -->
<module name="Checker">
    <module name="TreeWalker">
        <module name="SuppressionCommentFilter"/>
        <module name="SuppressionCommentFilter">
            <property name="offCommentFormat" value="CSOFF\:([\w\|]+)"/>
            <property name="onCommentFormat" value="CSON\:([\w\|]+)"/>
            <property name="checkFormat" value="$1"/>
        </module>
        <module name="SuppressWithNearbyCommentFilter"/>
        <module name="ParameterAssignment">
            <property name="severity" value="error"/>
        </module>
        <module name="HideUtilityClassConstructor">
            <property name="severity" value="error"/>
        </module>
        <module name="SimplifyBooleanExpression">
            <property name="severity" value="error"/>
        </module>
        <module name="StaticVariableName">
            <property name="severity" value="error"/>
        </module>
        <module name="ModifierOrder">
            <property name="severity" value="info"/>
        </module>
        <module name="MethodName">
            <property name="severity" value="error"/>
        </module>
        <module name="FinalClass">
            <property name="severity" value="error"/>
        </module>
        <module name="EmptyStatement">
            <property name="severity" value="info"/>
        </module>
        <module name="InnerAssignment">
            <property name="severity" value="error"/>
        </module>
        <module name="UnusedImports">
            <property name="severity" value="error"/>
        </module>
        <module name="StringLiteralEquality">
            <property name="severity" value="error"/>
        </module>
        <module name="RedundantModifier">
            <property name="severity" value="error"/>
        </module>
        <module name="IllegalThrows">
            <property name="severity" value="warning"/>
        </module>
        <module name="AnonInnerLength">
            <property name="severity" value="error"/>
        </module>
        <module name="MemberName">
            <property name="severity" value="error"/>
        </module>
        <module name="ConstantName">
            <property name="severity" value="error"/>
        </module>
        <module name="PackageName">
            <property name="severity" value="error"/>
        </module>
        <module name="DefaultComesLast">
            <property name="severity" value="error"/>
        </module>
        <module name="EqualsHashCode">
            <property name="severity" value="error"/>
        </module>
        <module name="SimplifyBooleanReturn">
            <property name="severity" value="error"/>
        </module>
        <module name="HiddenField">
            <property name="severity" value="error"/>
            <property name="tokens" value="VARIABLE_DEF"/>
            <property name="ignoreConstructorParameter" value="true"/>
            <property name="ignoreSetter" value="true"/>
            <property name="ignoreAbstractMethods" value="true"/>
        </module>
        <module name="LocalFinalVariableName">
            <property name="severity" value="error"/>
        </module>
        <module name="CyclomaticComplexity">
            <property name="severity" value="error"/>
            <property name="max" value="5"/>
        </module>
        <module name="VisibilityModifier">
            <property name="severity" value="error"/>
        </module>
        <module name="MagicNumber">
            <property name="severity" value="error"/>
        </module>
        <module name="LocalVariableName">
            <property name="severity" value="error"/>
        </module>
        <module name="ParameterName">
            <property name="severity" value="error"/>
        </module>
        <module name="BooleanExpressionComplexity">
            <property name="severity" value="error"/>
        </module>
        <module name="AvoidStarImport">
            <property name="severity" value="error"/>
        </module>
        <module name="RegexpSinglelineJava">
            <property name="format" value="new\s+DateTime\("/>
            <property name="message"
                      value="This call creates a DateTime instance in the machine local timezone, not UTC as required, please see DateUtils for helper methods."/>
        </module>
        <module name="RegexpSinglelineJava">
            <property name="format" value="DateTimeFormat\.forPattern\("/>
            <property name="message"
                      value="This call creates a DateTime instance in the machine local timezone, not UTC as required, please see DateUtils for helper methods."/>
        </module>
        <module name="RegexpSinglelineJava">
            <property name="format" value="new\s+Date\("/>
            <property name="message"
                      value="Never create java dates unless used in GWT UI, see DateUtils for helper methods."/>
        </module>
        <module name="RegexpSinglelineJava">
            <property name="format" value="import\s+org.elasticsearch.common.(collect|base|inject)"/>
            <property name="message"
                      value="You probably want to import the actual utility and not the elasticsearch clone."/>
        </module>
        <module name="TypeName">
            <property name="format" value="^((?!Constants).)*$"/>
        </module>
        <module name="RegexpSinglelineJava">
            <property name="format" value="\s*(@Produces\s*)\(\s*\{(?!\s*APPLICATION_JSON).*\}\)"/>
            <property name="message"
                      value="APPLICATION_JSON should be first element of produces (perhaps use static imports?)"/>
        </module>
        <module name="RegexpSinglelineJava">
            <property name="format" value="NOPMD"/>
            <property name="message" value="Please have a discussion with Leon before adding more PMD exclusions"/>
            <property name="maximum" value="5"/>
        </module>
    </module>
    <module name="SuppressionFilter">
        <property name="file" value="${config_loc}/checkstyle/suppressions.xml"/>
    </module>
</module>
